\BOOKMARK [1][-]{section.1}{\376\377\000I\000n\000t\000r\000o\000d\000u\000c\000t\000i\000o\000n\000\040\000a\000n\000d\000\040\000M\000o\000t\000i\000v\000a\000t\000i\000o\000n}{}% 1
\BOOKMARK [1][-]{section.2}{\376\377\000I\000n\000t\000r\000o\000d\000u\000c\000t\000i\000o\000n\000\040\000a\000n\000d\000\040\000M\000o\000t\000i\000v\000a\000t\000i\000o\000n}{}% 2
\BOOKMARK [2][-]{subsection.2.1}{\376\377\000L\000i\000t\000e\000r\000a\000t\000u\000r\000e\000\040\000R\000e\000v\000i\000e\000w}{section.2}% 3
\BOOKMARK [2][-]{subsection.2.2}{\376\377\000T\000h\000e\000o\000r\000e\000t\000i\000c\000a\000l\000\040\000F\000r\000a\000m\000e\000w\000o\000r\000k\000s}{section.2}% 4
\BOOKMARK [2][-]{subsection.2.3}{\376\377\000R\000e\000s\000e\000a\000r\000c\000h\000\040\000Q\000u\000e\000s\000t\000i\000o\000n}{section.2}% 5
\BOOKMARK [2][-]{subsection.2.4}{\376\377\000O\000b\000j\000e\000c\000t\000i\000v\000e}{section.2}% 6
\BOOKMARK [2][-]{subsection.2.5}{\376\377\000M\000o\000t\000i\000v\000a\000t\000i\000o\000n}{section.2}% 7
\BOOKMARK [1][-]{section.3}{\376\377\000L\000i\000t\000e\000r\000a\000t\000u\000r\000e\000\040\000R\000e\000v\000i\000e\000w}{}% 8
\BOOKMARK [1][-]{section.4}{\376\377\000L\000i\000t\000e\000r\000a\000t\000u\000r\000e\000\040\000R\000e\000v\000i\000e\000w}{}% 9
\BOOKMARK [2][-]{subsection.4.1}{\376\377\000M\000o\000d\000e\000r\000n\000\040\000P\000o\000r\000t\000f\000o\000l\000i\000o\000\040\000T\000h\000e\000o\000r\000y}{section.4}% 10
\BOOKMARK [2][-]{subsection.4.2}{\376\377\000C\000a\000p\000i\000t\000a\000l\000\040\000A\000s\000s\000e\000t\000\040\000P\000r\000i\000c\000i\000n\000g\000\040\000M\000o\000d\000e\000l}{section.4}% 11
\BOOKMARK [2][-]{subsection.4.3}{\376\377\000R\000e\000c\000e\000n\000t\000\040\000S\000t\000u\000d\000i\000e\000s}{section.4}% 12
\BOOKMARK [1][-]{section.5}{\376\377\000T\000h\000e\000o\000r\000y}{}% 13
\BOOKMARK [1][-]{section.6}{\376\377\000T\000h\000e\000o\000r\000e\000t\000i\000c\000a\000l\000\040\000M\000o\000d\000e\000l\000s}{}% 14
\BOOKMARK [2][-]{subsection.6.1}{\376\377\000C\000a\000p\000i\000t\000a\000l\000\040\000A\000s\000s\000e\000t\000\040\000P\000r\000i\000c\000i\000n\000g\000\040\000M\000o\000d\000e\000l\000\040\000\050\000C\000A\000P\000M\000\051}{section.6}% 15
\BOOKMARK [3][-]{subsubsection.6.1.1}{\376\377\000B\000e\000t\000a\000\040\000C\000a\000l\000c\000u\000l\000a\000t\000i\000o\000n}{subsection.6.1}% 16
\BOOKMARK [3][-]{subsubsection.6.1.2}{\376\377\000S\000e\000c\000u\000r\000i\000t\000y\000\040\000M\000a\000r\000k\000e\000t\000\040\000L\000i\000n\000e\000\040\000\050\000S\000M\000L\000\051}{subsection.6.1}% 17
\BOOKMARK [3][-]{subsubsection.6.1.3}{\376\377\000T\000h\000e\000o\000r\000e\000t\000i\000c\000a\000l\000\040\000I\000m\000p\000l\000i\000c\000a\000t\000i\000o\000n\000s}{subsection.6.1}% 18
\BOOKMARK [2][-]{subsection.6.2}{\376\377\000M\000o\000d\000e\000r\000n\000\040\000P\000o\000r\000t\000f\000o\000l\000i\000o\000\040\000T\000h\000e\000o\000r\000y\000\040\000\050\000M\000P\000T\000\051}{section.6}% 19
\BOOKMARK [3][-]{subsubsection.6.2.1}{\376\377\000E\000f\000f\000i\000c\000i\000e\000n\000t\000\040\000F\000r\000o\000n\000t\000i\000e\000r\000\040\000a\000n\000d\000\040\000O\000p\000t\000i\000m\000a\000l\000\040\000P\000o\000r\000t\000f\000o\000l\000i\000o}{subsection.6.2}% 20
\BOOKMARK [2][-]{subsection.6.3}{\376\377\000M\000o\000n\000t\000e\000\040\000C\000a\000r\000l\000o\000\040\000S\000i\000m\000u\000l\000a\000t\000i\000o\000n}{section.6}% 21
\BOOKMARK [1][-]{section.7}{\376\377\000D\000a\000t\000a}{}% 22
\BOOKMARK [1][-]{section.8}{\376\377\000D\000a\000t\000a}{}% 23
\BOOKMARK [2][-]{subsection.8.1}{\376\377\000D\000a\000t\000a\000\040\000S\000o\000u\000r\000c\000e\000s}{section.8}% 24
\BOOKMARK [2][-]{subsection.8.2}{\376\377\000D\000a\000t\000a\000\040\000P\000r\000o\000c\000e\000s\000s\000i\000n\000g}{section.8}% 25
\BOOKMARK [2][-]{subsection.8.3}{\376\377\000D\000a\000t\000a\000\040\000R\000o\000b\000u\000s\000t\000n\000e\000s\000s}{section.8}% 26
\BOOKMARK [2][-]{subsection.8.4}{\376\377\000D\000a\000t\000e\000\040\000R\000a\000n\000g\000e}{section.8}% 27
\BOOKMARK [2][-]{subsection.8.5}{\376\377\000D\000a\000t\000a\000\040\000F\000i\000e\000l\000d\000s}{section.8}% 28
\BOOKMARK [2][-]{subsection.8.6}{\376\377\000S\000u\000m\000m\000a\000r\000y\000\040\000S\000t\000a\000t\000i\000s\000t\000i\000c\000s}{section.8}% 29
\BOOKMARK [1][-]{section.9}{\376\377\000E\000m\000p\000i\000r\000i\000c\000a\000l\000\040\000S\000p\000e\000c\000i\000f\000i\000c\000a\000t\000i\000o\000n}{}% 30
\BOOKMARK [1][-]{section.10}{\376\377\000E\000m\000p\000i\000r\000i\000c\000a\000l\000\040\000S\000p\000e\000c\000i\000f\000i\000c\000a\000t\000i\000o\000n}{}% 31
\BOOKMARK [2][-]{subsection.10.1}{\376\377\000M\000o\000d\000e\000l\000\040\000I\000m\000p\000l\000e\000m\000e\000n\000t\000a\000t\000i\000o\000n}{section.10}% 32
\BOOKMARK [2][-]{subsection.10.2}{\376\377\000C\000A\000P\000M\000\040\000a\000n\000d\000\040\000S\000h\000a\000r\000p\000e\000\040\000R\000a\000t\000i\000o\000\040\000C\000a\000l\000c\000u\000l\000a\000t\000i\000o\000n}{section.10}% 33
\BOOKMARK [2][-]{subsection.10.3}{\376\377\000M\000o\000d\000e\000r\000n\000\040\000P\000o\000r\000t\000f\000o\000l\000i\000o\000\040\000T\000h\000e\000o\000r\000y\000\040\000\050\000M\000P\000T\000\051\000\040\000A\000p\000p\000l\000i\000c\000a\000t\000i\000o\000n}{section.10}% 34
\BOOKMARK [2][-]{subsection.10.4}{\376\377\000M\000o\000n\000t\000e\000\040\000C\000a\000r\000l\000o\000\040\000S\000i\000m\000u\000l\000a\000t\000i\000o\000n\000\040\000f\000o\000r\000\040\000D\000o\000w\000n\000\040\000P\000a\000y\000m\000e\000n\000t\000\040\000A\000c\000c\000u\000m\000u\000l\000a\000t\000i\000o\000n}{section.10}% 35
\BOOKMARK [3][-]{subsubsection.10.4.1}{\376\377\000S\000i\000m\000u\000l\000a\000t\000i\000o\000n\000\040\000P\000r\000o\000c\000e\000s\000s}{subsection.10.4}% 36
\BOOKMARK [1][-]{section.11}{\376\377\000R\000e\000s\000u\000l\000t\000s}{}% 37
\BOOKMARK [1][-]{section.12}{\376\377\000R\000e\000s\000u\000l\000t\000s}{}% 38
\BOOKMARK [2][-]{subsection.12.1}{\376\377\000O\000p\000t\000i\000m\000a\000l\000\040\000P\000o\000r\000t\000f\000o\000l\000i\000o\000s}{section.12}% 39
\BOOKMARK [2][-]{subsection.12.2}{\376\377\000T\000o\000p\000\040\000A\000s\000s\000e\000t\000s\000\040\000b\000y\000\040\000C\000o\000m\000p\000o\000s\000i\000t\000e\000\040\000S\000c\000o\000r\000e}{section.12}% 40
\BOOKMARK [2][-]{subsection.12.3}{\376\377\000D\000i\000s\000t\000r\000i\000b\000u\000t\000i\000o\000n\000\040\000o\000f\000\040\000F\000i\000n\000a\000l\000\040\000P\000o\000r\000t\000f\000o\000l\000i\000o\000\040\000V\000a\000l\000u\000e\000s}{section.12}% 41
\BOOKMARK [2][-]{subsection.12.4}{\376\377\000C\000u\000m\000u\000l\000a\000t\000i\000v\000e\000\040\000R\000e\000t\000u\000r\000n\000s\000\040\000O\000v\000e\000r\000\040\000T\000i\000m\000e}{section.12}% 42
\BOOKMARK [2][-]{subsection.12.5}{\376\377\000C\000u\000m\000u\000l\000a\000t\000i\000v\000e\000\040\000R\000e\000t\000u\000r\000n\000s\000\040\000S\000u\000m\000m\000a\000r\000y}{section.12}% 43
\BOOKMARK [2][-]{subsection.12.6}{\376\377\000C\000u\000m\000u\000l\000a\000t\000i\000v\000e\000\040\000R\000e\000t\000u\000r\000n\000s\000\040\000C\000o\000m\000p\000a\000r\000i\000s\000o\000n}{section.12}% 44
\BOOKMARK [2][-]{subsection.12.7}{\376\377\000C\000u\000m\000u\000l\000a\000t\000i\000v\000e\000\040\000R\000e\000t\000u\000r\000n\000s\000\040\000b\000y\000\040\000S\000e\000c\000u\000r\000i\000t\000y\000\040\000T\000y\000p\000e}{section.12}% 45
\BOOKMARK [2][-]{subsection.12.8}{\376\377\000D\000i\000s\000t\000r\000i\000b\000u\000t\000i\000o\000n\000\040\000o\000f\000\040\000S\000e\000c\000u\000r\000i\000t\000i\000e\000s\000\040\000b\000y\000\040\000T\000y\000p\000e}{section.12}% 46
\BOOKMARK [1][-]{section.13}{\376\377\000C\000o\000n\000c\000l\000u\000s\000i\000o\000n\000s}{}% 47
\BOOKMARK [1][-]{section.14}{\376\377\000C\000o\000n\000c\000l\000u\000s\000i\000o\000n\000s}{}% 48
\BOOKMARK [1][-]{section.15}{\376\377\000A\000c\000k\000n\000o\000w\000l\000e\000d\000g\000m\000e\000n\000t\000s}{}% 49
\BOOKMARK [1][-]{appendix.A}{\376\377\000A\000d\000d\000i\000t\000i\000o\000n\000a\000l\000\040\000F\000i\000g\000u\000r\000e\000s}{}% 50
\BOOKMARK [1][-]{appendix.B}{\376\377\000D\000a\000t\000a\000\040\000A\000p\000p\000e\000n\000d\000i\000x}{}% 51
\BOOKMARK [2][-]{subsection.B.1}{\376\377\000S\000u\000m\000m\000a\000r\000y\000\040\000o\000f\000\040\000D\000a\000t\000a\000\040\000S\000o\000u\000r\000c\000e\000s}{appendix.B}% 52
\BOOKMARK [2][-]{subsection.B.2}{\376\377\000D\000a\000t\000a\000\040\000C\000l\000e\000a\000n\000i\000n\000g\000\040\000a\000n\000d\000\040\000P\000r\000o\000c\000e\000s\000s\000i\000n\000g\000\040\000D\000e\000t\000a\000i\000l\000s}{appendix.B}% 53
\BOOKMARK [2][-]{subsection.B.3}{\376\377\000P\000y\000t\000h\000o\000n\000\040\000S\000c\000r\000i\000p\000t\000s\000\040\000f\000o\000r\000\040\000D\000a\000t\000a\000\040\000P\000r\000o\000c\000e\000s\000s\000i\000n\000g}{appendix.B}% 54
\BOOKMARK [2][-]{subsection.B.4}{\376\377\000V\000a\000r\000i\000a\000b\000l\000e\000\040\000D\000e\000f\000i\000n\000i\000t\000i\000o\000n\000s}{appendix.B}% 55
\BOOKMARK [1][-]{appendix.C}{\376\377\000N\000o\000t\000a\000t\000i\000o\000n}{}% 56
